Added Component: Designator=JP7(IDC2.54-LI-2x3P)
Add component (AddParameter): Name = "BOM名称"; Value = "3*2P接插件"; VariantName = "[No Variations]"
Add component (AddParameter): Name = "封装库来自淘宝卖家 ID：黄晶宝石"; Value = "其他店铺购入均为盗版假冒封装库"; VariantName = "[No Variations]"
Add component (AddParameter): Name = "联系卖家，免费查找封装"; Value = "唯一出售店铺网址https://shop463601444.taobao.com"; VariantName = "[No Variations]"
Added Component: Designator=LED1(LED0603_B)
Add component (AddParameter): Name = "BOM名称"; Value = "插件LED"; VariantName = "[No Variations]"
Add component (AddParameter): Name = "封装库来自淘宝卖家 ID：黄晶宝石"; Value = "其他店铺购入均为假冒，请立即申请退款，本店奖励2~5元现金"; VariantName = "[No Variations]"
Added Component: Designator=LED2(LED0603_G)
Add component (AddParameter): Name = "BOM名称"; Value = "插件LED"; VariantName = "[No Variations]"
Add component (AddParameter): Name = "封装库来自淘宝卖家 ID：黄晶宝石"; Value = "其他店铺购入均为假冒，请立即申请退款，本店奖励2~5元现金"; VariantName = "[No Variations]"
Added Component: Designator=LED3(LED0603_Y)
Add component (AddParameter): Name = "BOM名称"; Value = "插件LED"; VariantName = "[No Variations]"
Add component (AddParameter): Name = "封装库来自淘宝卖家 ID：黄晶宝石"; Value = "其他店铺购入均为假冒，请立即申请退款，本店奖励2~5元现金"; VariantName = "[No Variations]"
Added Component: Designator=R4(R0805_L)
Add component (AddParameter): Name = "BOM名称"; Value = "贴片电阻"; VariantName = "[No Variations]"
Add component (AddParameter): Name = "封装库来自淘宝卖家ID：黄晶宝石"; Value = "其他店铺购入均为盗版假冒封装库"; VariantName = "[No Variations]"
Add component (AddParameter): Name = "联系卖家，免费查找封装"; Value = "唯一出售店铺网址https://shop463601444.taobao.com"; VariantName = "[No Variations]"
Added Component: Designator=R5(R0805_L)
Add component (AddParameter): Name = "BOM名称"; Value = "贴片电阻"; VariantName = "[No Variations]"
Add component (AddParameter): Name = "封装库来自淘宝卖家ID：黄晶宝石"; Value = "其他店铺购入均为盗版假冒封装库"; VariantName = "[No Variations]"
Add component (AddParameter): Name = "联系卖家，免费查找封装"; Value = "唯一出售店铺网址https://shop463601444.taobao.com"; VariantName = "[No Variations]"
Added Component: Designator=R6(R0805_L)
Add component (AddParameter): Name = "BOM名称"; Value = "贴片电阻"; VariantName = "[No Variations]"
Add component (AddParameter): Name = "封装库来自淘宝卖家ID：黄晶宝石"; Value = "其他店铺购入均为盗版假冒封装库"; VariantName = "[No Variations]"
Add component (AddParameter): Name = "联系卖家，免费查找封装"; Value = "唯一出售店铺网址https://shop463601444.taobao.com"; VariantName = "[No Variations]"
Added Pin To Net: NetName=P8.4 Pin=JP7-1
Added Pin To Net: NetName=P8.5 Pin=JP7-3
Added Pin To Net: NetName=P8.6 Pin=JP7-5
Added Pin To Net: NetName=GND Pin=LED1-2
Added Pin To Net: NetName=GND Pin=LED2-2
Added Pin To Net: NetName=GND Pin=LED3-2
Added Pin To Net: NetName=LED1 Pin=JP7-2
Added Pin To Net: NetName=LED1 Pin=R4-1
Added Net: Name=LED1
Added Pin To Net: NetName=LED2 Pin=JP7-4
Added Pin To Net: NetName=LED2 Pin=R5-1
Added Net: Name=LED2
Added Pin To Net: NetName=LED3 Pin=JP7-6
Added Pin To Net: NetName=LED3 Pin=R6-1
Added Net: Name=LED3
Added Pin To Net: NetName=NetLED1_1 Pin=LED1-1
Added Pin To Net: NetName=NetLED1_1 Pin=R4-2
Added Net: Name=NetLED1_1
Added Pin To Net: NetName=NetLED2_1 Pin=LED2-1
Added Pin To Net: NetName=NetLED2_1 Pin=R5-2
Added Net: Name=NetLED2_1
Added Pin To Net: NetName=NetLED3_1 Pin=LED3-1
Added Pin To Net: NetName=NetLED3_1 Pin=R6-2
Added Net: Name=NetLED3_1
Added Member To Class: ClassName=MSP432P401R核心板 Member=Component * M3
Added Member To Class: ClassName=MSP432P401R核心板 Member=Component * M3
Added Member To Class: ClassName=MSP432P401R核心板 Member=Component * M3
Added Member To Class: ClassName=MSP432P401R核心板 Member=Component JP7 Header3X2
Added Member To Class: ClassName=MSP432P401R核心板 Member=Component LED1 LED_2PIN
Added Member To Class: ClassName=MSP432P401R核心板 Member=Component LED2 LED_2PIN
Added Member To Class: ClassName=MSP432P401R核心板 Member=Component LED3 LED_2PIN
Added Member To Class: ClassName=MSP432P401R核心板 Member=Component R4 1K
Added Member To Class: ClassName=MSP432P401R核心板 Member=Component R5 1K
Added Member To Class: ClassName=MSP432P401R核心板 Member=Component R6 1K
