Removed Pin From Net: NetName=LED1 Pin=R4-1
Removed Pin From Net: NetName=LED2 Pin=R5-1
Removed Pin From Net: NetName=LED3 Pin=R6-1
Removed Pin From Net: NetName=GND Pin=R?-6
Removed Pin From Net: NetName=GND Pin=R?-7
Removed Pin From Net: NetName=GND Pin=R?-8
Removed Member From Class: ClassName=MSP432P401R核心板 Member=R4
Removed Member From Class: ClassName=MSP432P401R核心板 Member=R5
Removed Member From Class: ClassName=MSP432P401R核心板 Member=R6
Added Component: Designator=LED1(LED0603_B)
Add component (AddParameter): Name = "BOM名称"; Value = "插件LED"; VariantName = "[No Variations]"
Add component (AddParameter): Name = "封装库来自淘宝卖家 ID：黄晶宝石"; Value = "其他店铺购入均为假冒，请立即申请退款，本店奖励2~5元现金"; VariantName = "[No Variations]"
Added Component: Designator=LED2(LED0603_G)
Add component (AddParameter): Name = "BOM名称"; Value = "插件LED"; VariantName = "[No Variations]"
Add component (AddParameter): Name = "封装库来自淘宝卖家 ID：黄晶宝石"; Value = "其他店铺购入均为假冒，请立即申请退款，本店奖励2~5元现金"; VariantName = "[No Variations]"
Added Component: Designator=LED3(LED0603_Y)
Add component (AddParameter): Name = "BOM名称"; Value = "插件LED"; VariantName = "[No Variations]"
Add component (AddParameter): Name = "封装库来自淘宝卖家 ID：黄晶宝石"; Value = "其他店铺购入均为假冒，请立即申请退款，本店奖励2~5元现金"; VariantName = "[No Variations]"
Added Pin To Net: NetName=GND Pin=LED1-2
Added Pin To Net: NetName=GND Pin=LED2-2
Added Pin To Net: NetName=GND Pin=LED3-2
Added Pin To Net: NetName=LED1 Pin=R?-1
Added Pin To Net: NetName=LED2 Pin=R?-2
Added Pin To Net: NetName=LED3 Pin=R?-3
Added Pin To Net: NetName=NetLED1_1 Pin=LED1-1
Added Pin To Net: NetName=NetLED1_1 Pin=R?-8
Added Net: Name=NetLED1_1
Added Pin To Net: NetName=NetLED2_1 Pin=LED2-1
Added Pin To Net: NetName=NetLED2_1 Pin=R?-7
Added Net: Name=NetLED2_1
Added Pin To Net: NetName=NetLED3_1 Pin=LED3-1
Added Pin To Net: NetName=NetLED3_1 Pin=R?-6
Added Net: Name=NetLED3_1
Added Member To Class: ClassName=MSP432P401R核心板 Member=Component * M3
Added Member To Class: ClassName=MSP432P401R核心板 Member=Component * M3
Added Member To Class: ClassName=MSP432P401R核心板 Member=Component * M3
Added Member To Class: ClassName=MSP432P401R核心板 Member=Component LED1 LED_2PIN
Added Member To Class: ClassName=MSP432P401R核心板 Member=Component LED2 LED_2PIN
Added Member To Class: ClassName=MSP432P401R核心板 Member=Component LED3 LED_2PIN
