Generating 3D model for part FU_SMD_3621644018.
	*Warning: No mapping for cell/part FU_SMD_3621644018
Generating 3D model for part HDR_20X2P_1340326345.
	*Warning: No mapping for cell/part HDR_20X2P_1340326345
Generating 3D model for part HDR_3X2P_1279976995.
	*Warning: No mapping for cell/part HDR_3X2P_1279976995
Generating 3D model for part HDR_4P_1999806483.
	*Warning: No mapping for cell/part HDR_4P_1999806483
Generating 3D model for part LED_SMD_3374419447.
	*Warning: No mapping for cell/part LED_SMD_3374419447
Generating 3D model for part MSP432P401RIPZ.
Generating 3D model for part PH_2P.
Generating 3D model for part RT9013-33GB_635732344.
	*Warning: No mapping for cell/part RT9013-33GB_635732344
Generating 3D model for part C_SMD_3088535547.
	*Warning: No mapping for cell/part C_SMD_3088535547
Generating 3D model for part XTAL_2P_819897529.
	*Warning: No mapping for cell/part XTAL_2P_819897529
Generating 3D model for part R_SMD_3088535547.
	*Warning: No mapping for cell/part R_SMD_3088535547
Generating 3D model for part L_SMD_2700718377.
	*Warning: No mapping for cell/part L_SMD_2700718377
Generating 3D model for part C_CS_SMD.
Generating 3D model for part R_8P4R_SMD_1048917050.
	*Warning: No mapping for cell/part R_8P4R_SMD_1048917050
Generating 3D model for part XTAL_4P_4182145904.
	*Warning: No mapping for cell/part XTAL_4P_4182145904
Generating 3D model for part TSW_2P_426360010.
	*Warning: No mapping for cell/part TSW_2P_426360010
